20220309-140541 GetUserDefaultUILanguage: 0x0804
20220309-140541 Local .NET framework version 4.8.03752
20220309-140541 start: D:\4uKey\Tenorshare 4uKey.exe, work dir: D:\4uKey
20220309-140541 ShellExecute returns code 0
20220309-140859 GetUserDefaultUILanguage: 0x0804
20220309-140859 Local .NET framework version 4.8.03752
20220309-140859 start: D:\4uKey\Tenorshare 4uKey.exe, work dir: D:\4uKey
20220309-140859 ShellExecute returns code 0
20220309-141025 GetUserDefaultUILanguage: 0x0804
20220309-141025 Local .NET framework version 4.8.03752
20220309-141025 start: D:\4uKey\Tenorshare 4uKey.exe, work dir: D:\4uKey
20220309-141025 ShellExecute returns code 0
20220309-143202 GetUserDefaultUILanguage: 0x0804
20220309-143202 Local .NET framework version 4.8.03752
20220309-143202 start: D:\4uKey\Tenorshare 4uKey.exe, work dir: D:\4uKey
20220309-143202 ShellExecute returns code 0
20220309-152320 GetUserDefaultUILanguage: 0x0804
20220309-152320 Local .NET framework version 4.8.03752
20220309-152320 start: D:\4uKey\Tenorshare 4uKey.exe, work dir: D:\4uKey
20220309-152320 ShellExecute returns code 0
20220309-154547 GetUserDefaultUILanguage: 0x0804
20220309-154547 Local .NET framework version 4.8.03752
20220309-154547 start: D:\4uKey\Tenorshare 4uKey.exe, work dir: D:\4uKey
20220309-154547 ShellExecute returns code 0
20220311-135425 GetUserDefaultUILanguage: 0x0804
20220311-135425 Local .NET framework version 4.8.03752
20220311-135425 start: D:\4uKey\Tenorshare 4uKey.exe, work dir: D:\4uKey
20220311-135425 ShellExecute returns code 0
20221109-175721 GetUserDefaultUILanguage: 0x0804
20221109-175721 Local .NET framework version 4.8.03752
20221109-175721 start: D:\360安全浏览器下载\4U配置锁\4uKey\Tenorshare 4uKey.exe, work dir: D:\360安全浏览器下载\4U配置锁\4uKey
20221109-175721 ShellExecute returns code 0
20221109-175925 GetUserDefaultUILanguage: 0x0804
20221109-175925 Local .NET framework version 4.8.03752
20221109-175925 start: D:\360安全浏览器下载\4U配置锁\4uKey\Tenorshare 4uKey.exe, work dir: D:\360安全浏览器下载\4U配置锁\4uKey
20221109-175925 ShellExecute returns code 0
20240513-084825 GetUserDefaultUILanguage: 0x0409
20240513-084825 Local .NET framework version 4.8.09037
20240513-084825 start: C:\Users\Man\AppData\Local\Temp\Rar$EXa13344.20888\4uKey\Tenorshare 4uKey.exe, work dir: C:\Users\Man\AppData\Local\Temp\Rar$EXa13344.20888\4uKey
20240513-084826 ShellExecute returns code 0
20250626-170259 GetUserDefaultUILanguage: 0x042A
20250626-170259 Local .NET framework version 4.8.09037
20250626-170259 start: C:\Users\Admin\AppData\Local\Temp\Rar$EXa11688.48654\4uKey\Tenorshare 4uKey.exe, work dir: C:\Users\Admin\AppData\Local\Temp\Rar$EXa11688.48654\4uKey
20250626-170259 ShellExecute returns code 0
20250626-170833 GetUserDefaultUILanguage: 0x042A
20250626-170833 Local .NET framework version 4.8.09037
20250626-170833 start: C:\Users\Admin\AppData\Local\Temp\Rar$EXa11688.32180\4uKey\Tenorshare 4uKey.exe, work dir: C:\Users\Admin\AppData\Local\Temp\Rar$EXa11688.32180\4uKey
20250626-170834 ShellExecute returns code 0
